<?xml version="1.0" encoding="UTF-8"?>
<testsuites>
  <testsuite name="" tests="1" assertions="1" errors="0" warnings="0" failures="0" skipped="0" time="0.007522">
    <testsuite name="default" tests="1" assertions="1" errors="0" warnings="0" failures="0" skipped="0" time="0.007522">
      <testsuite name="App\Tests\Unit\Service\CurrentVersionNumberServiceTest" file="/app/tests/Unit/Service/CurrentVersionNumberServiceTest.php" tests="1" assertions="1" errors="0" warnings="0" failures="0" skipped="0" time="0.007522">
        <testcase name="testGetFromPackagist" class="App\Tests\Unit\Service\CurrentVersionNumberServiceTest" classname="App.Tests.Unit.Service.CurrentVersionNumberServiceTest" file="/app/tests/Unit/Service/CurrentVersionNumberServiceTest.php" line="18" assertions="1" time="0.007522"/>
      </testsuite>
    </testsuite>
  </testsuite>
</testsuites>
